<?xml version="1.0" encoding="UTF-8"?>
<coverage generated="1684671659766" clover="3.2.0">
  <project timestamp="1684671659767" name="All files">
    <metrics statements="16" coveredstatements="14" conditionals="3" coveredconditionals="1" methods="5" coveredmethods="4" elements="24" coveredelements="19" complexity="0" loc="16" ncloc="16" packages="1" files="2" classes="2"/>
    <file name="component.ts" path="C:\Users\usuario\Desktop\Bootcamp - Semanas\Semana 3\Challenge5\src\components\component.ts">
      <metrics statements="10" coveredstatements="8" conditionals="3" coveredconditionals="1" methods="3" coveredmethods="2"/>
      <line num="4" count="1" type="stmt"/>
      <line num="5" count="1" type="stmt"/>
      <line num="6" count="1" type="stmt"/>
      <line num="7" count="1" type="stmt"/>
      <line num="12" count="1" type="stmt"/>
      <line num="13" count="1" type="cond" truecount="0" falsecount="1"/>
      <line num="14" count="1" type="stmt"/>
      <line num="15" count="1" type="stmt"/>
      <line num="19" count="0" type="cond" truecount="0" falsecount="1"/>
      <line num="20" count="0" type="stmt"/>
    </file>
    <file name="header.ts" path="C:\Users\usuario\Desktop\Bootcamp - Semanas\Semana 3\Challenge5\src\components\header.ts">
      <metrics statements="6" coveredstatements="6" conditionals="0" coveredconditionals="0" methods="2" coveredmethods="2"/>
      <line num="1" count="1" type="stmt"/>
      <line num="3" count="1" type="stmt"/>
      <line num="5" count="1" type="stmt"/>
      <line num="6" count="1" type="stmt"/>
      <line num="7" count="1" type="stmt"/>
      <line num="11" count="1" type="stmt"/>
    </file>
  </project>
</coverage>
