<?xml version="1.0" encoding="UTF-8"?>
<coverage generated="1684567290632" clover="3.2.0">
  <project timestamp="1684567290632" name="All files">
    <metrics statements="17" coveredstatements="15" conditionals="3" coveredconditionals="1" methods="5" coveredmethods="4" elements="25" coveredelements="20" complexity="0" loc="17" ncloc="17" packages="1" files="2" classes="2"/>
    <file name="component.ts" path="C:\Users\usuario\Desktop\Bootcamp - Semanas\Semana 3\Challenge5\src\components\component.ts">
      <metrics statements="10" coveredstatements="8" conditionals="3" coveredconditionals="1" methods="3" coveredmethods="2"/>
      <line num="2" count="1" type="stmt"/>
      <line num="3" count="1" type="stmt"/>
      <line num="4" count="1" type="stmt"/>
      <line num="6" count="1" type="stmt"/>
      <line num="10" count="1" type="stmt"/>
      <line num="11" count="1" type="cond" truecount="0" falsecount="1"/>
      <line num="12" count="1" type="stmt"/>
      <line num="13" count="1" type="stmt"/>
      <line num="17" count="0" type="cond" truecount="0" falsecount="1"/>
      <line num="18" count="0" type="stmt"/>
    </file>
    <file name="header.ts" path="C:\Users\usuario\Desktop\Bootcamp - Semanas\Semana 3\Challenge5\src\components\header.ts">
      <metrics statements="7" coveredstatements="7" conditionals="0" coveredconditionals="0" methods="2" coveredmethods="2"/>
      <line num="3" count="1" type="stmt"/>
      <line num="5" count="1" type="stmt"/>
      <line num="7" count="1" type="stmt"/>
      <line num="8" count="1" type="stmt"/>
      <line num="9" count="1" type="stmt"/>
      <line num="10" count="1" type="stmt"/>
      <line num="14" count="1" type="stmt"/>
    </file>
  </project>
</coverage>
